<?xml version="1.0" encoding="UTF-8"?>
<!-- Generated by org.testng.reporters.JUnitReportReporter -->
<testsuite hostname="DESKTOP-11PKG1U" failures="0" tests="6" name="com.hrm.employee.Level_22_Fake_Data" time="11.372" errors="0" timestamp="03 Apr 2022 02:03:36 GMT" skipped="0">
  <testcase classname="com.hrm.employee.Level_22_Fake_Data" name="Employee_11_Search_Employee" time="0.004"/>
  <testcase classname="com.hrm.employee.Level_22_Fake_Data" name="Employee_09_Edit_View_Tax" time="0.004"/>
  <testcase classname="com.hrm.employee.Level_22_Fake_Data" name="Employee_08_Edit_View_Salary" time="0.006"/>
  <testcase classname="com.hrm.employee.Level_22_Fake_Data" name="Employee_10_Qualifications" time="0.004"/>
  <testcase classname="com.hrm.employee.Level_22_Fake_Data" name="Employee_01_Add_New_Employee" time="11.348"/>
  <testcase classname="com.hrm.employee.Level_22_Fake_Data" name="Employee_07_Edit_View_Job" time="0.006"/>
</testsuite> <!-- com.hrm.employee.Level_22_Fake_Data -->
